
state 0
	$accept: .input $end 

	tSTRING  shift 14
	tPHRASE  shift 16
	tNUMBER  shift 15
	tNOT  shift 11
	tPLUS  shift 6
	tMINUS  shift 7
	tLEFTBRACKET  shift 13
	.  error

	searchBase  goto 12
	searchParts  goto 2
	searchPart  goto 3
	searchLogicPart  goto 5
	searchLogicAndPart  goto 9
	searchLogicOrPart  goto 8
	searchLogicNotPart  goto 10
	searchPrefix  goto 4
	input  goto 1

state 1
	$accept:  input.$end 

	$end  accept
	.  error


state 2
	input:  searchParts.    (1)

	.  reduce 1 (src line 25)


state 3
	searchParts:  searchPart.searchParts 
	searchParts:  searchPart.    (3)

	tSTRING  shift 14
	tPHRASE  shift 16
	tNUMBER  shift 15
	tNOT  shift 11
	tPLUS  shift 6
	tMINUS  shift 7
	tLEFTBRACKET  shift 13
	.  reduce 3 (src line 34)

	searchBase  goto 12
	searchParts  goto 17
	searchPart  goto 3
	searchLogicPart  goto 5
	searchLogicAndPart  goto 9
	searchLogicOrPart  goto 8
	searchLogicNotPart  goto 10
	searchPrefix  goto 4

state 4
	searchPart:  searchPrefix.searchBase 

	tSTRING  shift 14
	tPHRASE  shift 16
	tNUMBER  shift 15
	.  error

	searchBase  goto 18

state 5
	searchPart:  searchLogicPart.    (5)

	.  reduce 5 (src line 48)


state 6
	searchPrefix:  tPLUS.    (14)

	.  reduce 14 (src line 90)


state 7
	searchPrefix:  tMINUS.    (15)

	.  reduce 15 (src line 94)


state 8
	searchLogicPart:  searchLogicOrPart.    (6)

	.  reduce 6 (src line 53)


state 9
	searchLogicOrPart:  searchLogicAndPart.tOR searchLogicOrPart 
	searchLogicOrPart:  searchLogicAndPart.    (8)

	tOR  shift 19
	.  reduce 8 (src line 63)


state 10
	searchLogicAndPart:  searchLogicNotPart.tAND searchLogicAndPart 
	searchLogicAndPart:  searchLogicNotPart.    (10)

	tAND  shift 20
	.  reduce 10 (src line 72)


state 11
	searchLogicNotPart:  tNOT.searchLogicNotPart 

	tSTRING  shift 14
	tPHRASE  shift 16
	tNUMBER  shift 15
	tNOT  shift 11
	tLEFTBRACKET  shift 13
	.  error

	searchBase  goto 12
	searchLogicNotPart  goto 21

state 12
	searchLogicNotPart:  searchBase.    (12)

	.  reduce 12 (src line 81)


state 13
	searchLogicNotPart:  tLEFTBRACKET.searchParts tRIGHTBRACKET 

	tSTRING  shift 14
	tPHRASE  shift 16
	tNUMBER  shift 15
	tNOT  shift 11
	tPLUS  shift 6
	tMINUS  shift 7
	tLEFTBRACKET  shift 13
	.  error

	searchBase  goto 12
	searchParts  goto 22
	searchPart  goto 3
	searchLogicPart  goto 5
	searchLogicAndPart  goto 9
	searchLogicOrPart  goto 8
	searchLogicNotPart  goto 10
	searchPrefix  goto 4

state 14
	searchBase:  tSTRING.    (16)
	searchBase:  tSTRING.tCOLON tSTRING 
	searchBase:  tSTRING.tCOLON posOrNegNumber 
	searchBase:  tSTRING.tCOLON tPHRASE 
	searchBase:  tSTRING.tCOLON tGREATER posOrNegNumber 
	searchBase:  tSTRING.tCOLON tGREATER tEQUAL posOrNegNumber 
	searchBase:  tSTRING.tCOLON tLESS posOrNegNumber 
	searchBase:  tSTRING.tCOLON tLESS tEQUAL posOrNegNumber 
	searchBase:  tSTRING.tCOLON tGREATER tPHRASE 
	searchBase:  tSTRING.tCOLON tGREATER tEQUAL tPHRASE 
	searchBase:  tSTRING.tCOLON tLESS tPHRASE 
	searchBase:  tSTRING.tCOLON tLESS tEQUAL tPHRASE 
	searchBase:  tSTRING.tCOLON tLEFTRANGE posOrNegNumber tTO posOrNegNumber tRIGHTRANGE 
	searchBase:  tSTRING.tCOLON tLEFTRANGE tPHRASE tTO tPHRASE tRIGHTRANGE 

	tCOLON  shift 23
	.  reduce 16 (src line 99)


state 15
	searchBase:  tNUMBER.    (17)

	.  reduce 17 (src line 103)


state 16
	searchBase:  tPHRASE.    (18)

	.  reduce 18 (src line 107)


state 17
	searchParts:  searchPart searchParts.    (2)

	.  reduce 2 (src line 30)


state 18
	searchPart:  searchPrefix searchBase.    (4)

	.  reduce 4 (src line 39)


state 19
	searchLogicOrPart:  searchLogicAndPart tOR.searchLogicOrPart 

	tSTRING  shift 14
	tPHRASE  shift 16
	tNUMBER  shift 15
	tNOT  shift 11
	tLEFTBRACKET  shift 13
	.  error

	searchBase  goto 12
	searchLogicAndPart  goto 9
	searchLogicOrPart  goto 24
	searchLogicNotPart  goto 10

state 20
	searchLogicAndPart:  searchLogicNotPart tAND.searchLogicAndPart 

	tSTRING  shift 14
	tPHRASE  shift 16
	tNUMBER  shift 15
	tNOT  shift 11
	tLEFTBRACKET  shift 13
	.  error

	searchBase  goto 12
	searchLogicAndPart  goto 25
	searchLogicNotPart  goto 10

state 21
	searchLogicNotPart:  tNOT searchLogicNotPart.    (11)

	.  reduce 11 (src line 77)


state 22
	searchLogicNotPart:  tLEFTBRACKET searchParts.tRIGHTBRACKET 

	tRIGHTBRACKET  shift 26
	.  error


state 23
	searchBase:  tSTRING tCOLON.tSTRING 
	searchBase:  tSTRING tCOLON.posOrNegNumber 
	searchBase:  tSTRING tCOLON.tPHRASE 
	searchBase:  tSTRING tCOLON.tGREATER posOrNegNumber 
	searchBase:  tSTRING tCOLON.tGREATER tEQUAL posOrNegNumber 
	searchBase:  tSTRING tCOLON.tLESS posOrNegNumber 
	searchBase:  tSTRING tCOLON.tLESS tEQUAL posOrNegNumber 
	searchBase:  tSTRING tCOLON.tGREATER tPHRASE 
	searchBase:  tSTRING tCOLON.tGREATER tEQUAL tPHRASE 
	searchBase:  tSTRING tCOLON.tLESS tPHRASE 
	searchBase:  tSTRING tCOLON.tLESS tEQUAL tPHRASE 
	searchBase:  tSTRING tCOLON.tLEFTRANGE posOrNegNumber tTO posOrNegNumber tRIGHTRANGE 
	searchBase:  tSTRING tCOLON.tLEFTRANGE tPHRASE tTO tPHRASE tRIGHTRANGE 

	tSTRING  shift 27
	tPHRASE  shift 29
	tNUMBER  shift 33
	tMINUS  shift 34
	tLEFTRANGE  shift 32
	tGREATER  shift 30
	tLESS  shift 31
	.  error

	posOrNegNumber  goto 28

state 24
	searchLogicOrPart:  searchLogicAndPart tOR searchLogicOrPart.    (7)

	.  reduce 7 (src line 59)


state 25
	searchLogicAndPart:  searchLogicNotPart tAND searchLogicAndPart.    (9)

	.  reduce 9 (src line 68)


state 26
	searchLogicNotPart:  tLEFTBRACKET searchParts tRIGHTBRACKET.    (13)

	.  reduce 13 (src line 85)


state 27
	searchBase:  tSTRING tCOLON tSTRING.    (19)

	.  reduce 19 (src line 113)


state 28
	searchBase:  tSTRING tCOLON posOrNegNumber.    (20)

	.  reduce 20 (src line 119)


state 29
	searchBase:  tSTRING tCOLON tPHRASE.    (21)

	.  reduce 21 (src line 126)


state 30
	searchBase:  tSTRING tCOLON tGREATER.posOrNegNumber 
	searchBase:  tSTRING tCOLON tGREATER.tEQUAL posOrNegNumber 
	searchBase:  tSTRING tCOLON tGREATER.tPHRASE 
	searchBase:  tSTRING tCOLON tGREATER.tEQUAL tPHRASE 

	tPHRASE  shift 37
	tNUMBER  shift 33
	tMINUS  shift 34
	tEQUAL  shift 36
	.  error

	posOrNegNumber  goto 35

state 31
	searchBase:  tSTRING tCOLON tLESS.posOrNegNumber 
	searchBase:  tSTRING tCOLON tLESS.tEQUAL posOrNegNumber 
	searchBase:  tSTRING tCOLON tLESS.tPHRASE 
	searchBase:  tSTRING tCOLON tLESS.tEQUAL tPHRASE 

	tPHRASE  shift 40
	tNUMBER  shift 33
	tMINUS  shift 34
	tEQUAL  shift 39
	.  error

	posOrNegNumber  goto 38

state 32
	searchBase:  tSTRING tCOLON tLEFTRANGE.posOrNegNumber tTO posOrNegNumber tRIGHTRANGE 
	searchBase:  tSTRING tCOLON tLEFTRANGE.tPHRASE tTO tPHRASE tRIGHTRANGE 

	tPHRASE  shift 42
	tNUMBER  shift 33
	tMINUS  shift 34
	.  error

	posOrNegNumber  goto 41

state 33
	posOrNegNumber:  tNUMBER.    (32)

	.  reduce 32 (src line 205)


state 34
	posOrNegNumber:  tMINUS.tNUMBER 

	tNUMBER  shift 43
	.  error


state 35
	searchBase:  tSTRING tCOLON tGREATER posOrNegNumber.    (22)

	.  reduce 22 (src line 132)


state 36
	searchBase:  tSTRING tCOLON tGREATER tEQUAL.posOrNegNumber 
	searchBase:  tSTRING tCOLON tGREATER tEQUAL.tPHRASE 

	tPHRASE  shift 45
	tNUMBER  shift 33
	tMINUS  shift 34
	.  error

	posOrNegNumber  goto 44

state 37
	searchBase:  tSTRING tCOLON tGREATER tPHRASE.    (26)

	.  reduce 26 (src line 160)


state 38
	searchBase:  tSTRING tCOLON tLESS posOrNegNumber.    (24)

	.  reduce 24 (src line 146)


state 39
	searchBase:  tSTRING tCOLON tLESS tEQUAL.posOrNegNumber 
	searchBase:  tSTRING tCOLON tLESS tEQUAL.tPHRASE 

	tPHRASE  shift 47
	tNUMBER  shift 33
	tMINUS  shift 34
	.  error

	posOrNegNumber  goto 46

state 40
	searchBase:  tSTRING tCOLON tLESS tPHRASE.    (28)

	.  reduce 28 (src line 174)


state 41
	searchBase:  tSTRING tCOLON tLEFTRANGE posOrNegNumber.tTO posOrNegNumber tRIGHTRANGE 

	tTO  shift 48
	.  error


state 42
	searchBase:  tSTRING tCOLON tLEFTRANGE tPHRASE.tTO tPHRASE tRIGHTRANGE 

	tTO  shift 49
	.  error


state 43
	posOrNegNumber:  tMINUS tNUMBER.    (33)

	.  reduce 33 (src line 209)


state 44
	searchBase:  tSTRING tCOLON tGREATER tEQUAL posOrNegNumber.    (23)

	.  reduce 23 (src line 139)


state 45
	searchBase:  tSTRING tCOLON tGREATER tEQUAL tPHRASE.    (27)

	.  reduce 27 (src line 167)


state 46
	searchBase:  tSTRING tCOLON tLESS tEQUAL posOrNegNumber.    (25)

	.  reduce 25 (src line 153)


state 47
	searchBase:  tSTRING tCOLON tLESS tEQUAL tPHRASE.    (29)

	.  reduce 29 (src line 181)


state 48
	searchBase:  tSTRING tCOLON tLEFTRANGE posOrNegNumber tTO.posOrNegNumber tRIGHTRANGE 

	tNUMBER  shift 33
	tMINUS  shift 34
	.  error

	posOrNegNumber  goto 50

state 49
	searchBase:  tSTRING tCOLON tLEFTRANGE tPHRASE tTO.tPHRASE tRIGHTRANGE 

	tPHRASE  shift 51
	.  error


state 50
	searchBase:  tSTRING tCOLON tLEFTRANGE posOrNegNumber tTO posOrNegNumber.tRIGHTRANGE 

	tRIGHTRANGE  shift 52
	.  error


state 51
	searchBase:  tSTRING tCOLON tLEFTRANGE tPHRASE tTO tPHRASE.tRIGHTRANGE 

	tRIGHTRANGE  shift 53
	.  error


state 52
	searchBase:  tSTRING tCOLON tLEFTRANGE posOrNegNumber tTO posOrNegNumber tRIGHTRANGE.    (30)

	.  reduce 30 (src line 188)


state 53
	searchBase:  tSTRING tCOLON tLEFTRANGE tPHRASE tTO tPHRASE tRIGHTRANGE.    (31)

	.  reduce 31 (src line 196)


20 terminals, 11 nonterminals
34 grammar rules, 54/16000 states
0 shift/reduce, 0 reduce/reduce conflicts reported
60 working sets used
memory: parser 42/240000
21 extra closures
75 shift entries, 1 exceptions
22 goto entries
20 entries saved by goto default
Optimizer space used: output 73/240000
73 table entries, 0 zero
maximum spread: 20, maximum offset: 48
